{
  message: 'Connected to mongo 🧠',
  level: 'info',
  service: 'user-service',
  label: 'UM!',
  timestamp: '2023-06-10T08:01:25.849Z'
}
{
  message: 'Example app listening on port 5000',
  level: 'info',
  service: 'user-service',
  label: 'UM!',
  timestamp: '2023-06-10T08:01:25.889Z'
}
{
  message: 'Connected to mongo 🧠',
  level: 'info',
  service: 'user-service',
  label: 'UM!',
  timestamp: '2023-06-10T08:01:51.737Z'
}
{
  message: 'Example app listening on port 5000',
  level: 'info',
  service: 'user-service',
  label: 'UM!',
  timestamp: '2023-06-10T08:01:51.751Z'
}
{
  message: 'Connected to mongo 🧠',
  level: 'info',
  service: 'user-service',
  label: 'UM!',
  timestamp: '2023-06-10T08:02:40.114Z'
}
{
  message: 'Example app listening on port 5000',
  level: 'info',
  service: 'user-service',
  label: 'UM!',
  timestamp: '2023-06-10T08:02:40.128Z'
}
{
  message: 'Connected to mongo 🧠',
  level: 'info',
  service: 'user-service',
  label: 'UM!',
  timestamp: '2023-06-10T08:04:05.852Z'
}
{
  message: 'Example app listening on port 5000',
  level: 'info',
  service: 'user-service',
  label: 'UM!',
  timestamp: '2023-06-10T08:04:05.919Z'
}
{
  message: 'Connected to mongo 🧠',
  level: 'info',
  service: 'user-service',
  label: 'UM!',
  timestamp: '2023-06-10T08:04:36.338Z'
}
{
  message: 'Example app listening on port 5000',
  level: 'info',
  service: 'user-service',
  label: 'UM!',
  timestamp: '2023-06-10T08:04:36.351Z'
}
{
  message: 'Connected to mongo 🧠',
  level: 'info',
  service: 'user-service',
  label: 'UM!',
  timestamp: '2023-06-10T08:05:24.947Z'
}
{
  message: 'Example app listening on port 5000',
  level: 'info',
  service: 'user-service',
  label: 'UM!',
  timestamp: '2023-06-10T08:05:24.961Z'
}
{
  message: 'Connected to mongo 🧠',
  level: 'info',
  service: 'user-service',
  label: 'UM!',
  timestamp: '2023-06-10T08:05:54.976Z'
}
{
  message: 'Example app listening on port 5000',
  level: 'info',
  service: 'user-service',
  label: 'UM!',
  timestamp: '2023-06-10T08:05:54.989Z'
}
{
  message: 'Connected to mongo 🧠',
  level: 'info',
  service: 'user-service',
  label: 'UM!',
  timestamp: '2023-06-10T08:11:52.030Z'
}
{
  message: 'Example app listening on port 5000',
  level: 'info',
  service: 'user-service',
  label: 'UM!',
  timestamp: '2023-06-10T08:11:52.042Z'
}
{
  message: 'Connected to mongo 🧠',
  level: 'info',
  service: 'user-service',
  label: 'UM!',
  timestamp: '2023-06-10T08:12:37.218Z'
}
{
  message: 'Example app listening on port 5000',
  level: 'info',
  service: 'user-service',
  label: 'UM!',
  timestamp: '2023-06-10T08:12:37.241Z'
}
{
  message: 'Connected to mongo 🧠',
  level: 'info',
  service: 'user-service',
  label: 'UM!',
  timestamp: '2023-06-10T08:13:04.188Z'
}
{
  message: 'Example app listening on port 5000',
  level: 'info',
  service: 'user-service',
  label: 'UM!',
  timestamp: '2023-06-10T08:13:04.201Z'
}
