{
  message: 'Connected to mongo 🧠',
  level: 'info',
  service: 'user-service',
  label: 'UM!',
  timestamp: '2023-06-10T06:13:33.940Z'
}
{
  message: 'Example app listening on port 5000',
  level: 'info',
  service: 'user-service',
  label: 'UM!',
  timestamp: '2023-06-10T06:13:33.955Z'
}
{
  message: 'Connected to mongo 🧠',
  level: 'info',
  service: 'user-service',
  label: 'UM!',
  timestamp: '2023-06-10T06:20:02.891Z'
}
{
  message: 'Example app listening on port 5000',
  level: 'info',
  service: 'user-service',
  label: 'UM!',
  timestamp: '2023-06-10T06:20:02.918Z'
}
{
  message: 'Connected to mongo 🧠',
  level: 'info',
  service: 'user-service',
  label: 'UM!',
  timestamp: '2023-06-10T06:22:38.898Z'
}
{
  message: 'Example app listening on port 5000',
  level: 'info',
  service: 'user-service',
  label: 'UM!',
  timestamp: '2023-06-10T06:22:38.911Z'
}
{
  message: 'Connected to mongo 🧠',
  level: 'info',
  service: 'user-service',
  label: 'UM!',
  timestamp: '2023-06-10T06:23:13.133Z'
}
{
  message: 'Example app listening on port 5000',
  level: 'info',
  service: 'user-service',
  label: 'UM!',
  timestamp: '2023-06-10T06:23:13.246Z'
}
{
  message: 'Connected to mongo 🧠',
  level: 'info',
  service: 'user-service',
  label: 'UM!',
  timestamp: '2023-06-10T06:23:56.213Z'
}
{
  message: 'Example app listening on port 5000',
  level: 'info',
  service: 'user-service',
  label: 'UM!',
  timestamp: '2023-06-10T06:23:56.226Z'
}
{
  message: 'Connected to mongo 🧠',
  level: 'info',
  service: 'user-service',
  label: 'UM!',
  timestamp: '2023-06-10T06:24:32.298Z'
}
{
  message: 'Example app listening on port 5000',
  level: 'info',
  service: 'user-service',
  label: 'UM!',
  timestamp: '2023-06-10T06:24:32.323Z'
}
{
  message: 'Connected to mongo 🧠',
  level: 'info',
  service: 'user-service',
  label: 'UM!',
  timestamp: '2023-06-10T06:24:53.206Z'
}
{
  message: 'Example app listening on port 5000',
  level: 'info',
  service: 'user-service',
  label: 'UM!',
  timestamp: '2023-06-10T06:24:53.220Z'
}
{
  message: 'Connected to mongo 🧠',
  level: 'info',
  service: 'user-service',
  label: 'UM!',
  timestamp: '2023-06-10T06:27:14.748Z'
}
{
  message: 'Example app listening on port 5000',
  level: 'info',
  service: 'user-service',
  label: 'UM!',
  timestamp: '2023-06-10T06:27:14.762Z'
}
{
  message: 'Connected to mongo 🧠',
  level: 'info',
  service: 'user-service',
  label: 'UM!',
  timestamp: '2023-06-10T06:27:32.671Z'
}
{
  message: 'Example app listening on port 5000',
  level: 'info',
  service: 'user-service',
  label: 'UM!',
  timestamp: '2023-06-10T06:27:32.683Z'
}
{
  message: 'Connected to mongo 🧠',
  level: 'info',
  service: 'user-service',
  label: 'UM!',
  timestamp: '2023-06-10T06:28:10.299Z'
}
{
  message: 'Example app listening on port 5000',
  level: 'info',
  service: 'user-service',
  label: 'UM!',
  timestamp: '2023-06-10T06:28:10.316Z'
}
{
  message: 'Connected to mongo 🧠',
  level: 'info',
  service: 'user-service',
  label: 'UM!',
  timestamp: '2023-06-10T06:28:56.773Z'
}
{
  message: 'Example app listening on port 5000',
  level: 'info',
  service: 'user-service',
  label: 'UM!',
  timestamp: '2023-06-10T06:28:56.785Z'
}
{
  message: 'Connected to mongo 🧠',
  level: 'info',
  service: 'user-service',
  label: 'UM!',
  timestamp: '2023-06-10T06:29:10.278Z'
}
{
  message: 'Example app listening on port 5000',
  level: 'info',
  service: 'user-service',
  label: 'UM!',
  timestamp: '2023-06-10T06:29:10.292Z'
}
{
  message: 'Connected to mongo 🧠',
  level: 'info',
  service: 'user-service',
  label: 'UM!',
  timestamp: '2023-06-10T06:36:58.522Z'
}
{
  message: 'Example app listening on port 5000',
  level: 'info',
  service: 'user-service',
  label: 'UM!',
  timestamp: '2023-06-10T06:36:58.537Z'
}
{
  message: 'Connected to mongo 🧠',
  level: 'info',
  service: 'user-service',
  label: 'UM!',
  timestamp: '2023-06-10T06:37:38.504Z'
}
{
  message: 'Example app listening on port 5000',
  level: 'info',
  service: 'user-service',
  label: 'UM!',
  timestamp: '2023-06-10T06:37:38.517Z'
}
{
  message: 'Connected to mongo 🧠',
  level: 'info',
  service: 'user-service',
  label: 'UM!',
  timestamp: '2023-06-10T06:38:24.912Z'
}
{
  message: 'Example app listening on port 5000',
  level: 'info',
  service: 'user-service',
  label: 'UM!',
  timestamp: '2023-06-10T06:38:24.925Z'
}
{
  message: 'Connected to mongo 🧠',
  level: 'info',
  service: 'user-service',
  label: 'UM!',
  timestamp: '2023-06-10T06:39:06.314Z'
}
{
  message: 'Example app listening on port 5000',
  level: 'info',
  service: 'user-service',
  label: 'UM!',
  timestamp: '2023-06-10T06:39:06.338Z'
}
{
  message: 'Connected to mongo 🧠',
  level: 'info',
  service: 'user-service',
  label: 'UM!',
  timestamp: '2023-06-10T06:46:33.713Z'
}
{
  message: 'Example app listening on port 5000',
  level: 'info',
  service: 'user-service',
  label: 'UM!',
  timestamp: '2023-06-10T06:46:33.729Z'
}
{
  message: 'Connected to mongo 🧠',
  level: 'info',
  service: 'user-service',
  label: 'UM!',
  timestamp: '2023-06-10T06:55:09.756Z'
}
{
  message: 'Example app listening on port 5000',
  level: 'info',
  service: 'user-service',
  label: 'UM!',
  timestamp: '2023-06-10T06:55:09.872Z'
}
{
  message: 'Connected to mongo 🧠',
  level: 'info',
  service: 'user-service',
  label: 'UM!',
  timestamp: '2023-06-10T06:55:28.638Z'
}
{
  message: 'Example app listening on port 5000',
  level: 'info',
  service: 'user-service',
  label: 'UM!',
  timestamp: '2023-06-10T06:55:28.649Z'
}
