{
  message: 'Connected to mongo 🧠',
  level: 'info',
  service: 'user-service',
  label: 'UM!',
  timestamp: '2023-06-11T06:21:11.931Z'
}
{
  message: 'Example app listening on port 5000',
  level: 'info',
  service: 'user-service',
  label: 'UM!',
  timestamp: '2023-06-11T06:21:11.949Z'
}
{
  message: 'Connected to mongo 🧠',
  level: 'info',
  service: 'user-service',
  label: 'UM!',
  timestamp: '2023-06-11T06:25:57.074Z'
}
{
  message: 'Example app listening on port 5000',
  level: 'info',
  service: 'user-service',
  label: 'UM!',
  timestamp: '2023-06-11T06:25:57.085Z'
}
{
  message: 'Connected to mongo 🧠',
  level: 'info',
  service: 'user-service',
  label: 'UM!',
  timestamp: '2023-06-11T06:29:15.311Z'
}
{
  message: 'Example app listening on port 5000',
  level: 'info',
  service: 'user-service',
  label: 'UM!',
  timestamp: '2023-06-11T06:29:15.325Z'
}
{
  message: 'Connected to mongo 🧠',
  level: 'info',
  service: 'user-service',
  label: 'UM!',
  timestamp: '2023-06-11T06:30:40.758Z'
}
{
  message: 'Example app listening on port 5000',
  level: 'info',
  service: 'user-service',
  label: 'UM!',
  timestamp: '2023-06-11T06:30:40.787Z'
}
{
  message: 'Connected to mongo 🧠',
  level: 'info',
  service: 'user-service',
  label: 'UM!',
  timestamp: '2023-06-11T06:31:35.094Z'
}
{
  message: 'Example app listening on port 5000',
  level: 'info',
  service: 'user-service',
  label: 'UM!',
  timestamp: '2023-06-11T06:31:35.108Z'
}
{
  message: 'Connected to mongo 🧠',
  level: 'info',
  service: 'user-service',
  label: 'UM!',
  timestamp: '2023-06-11T06:33:08.775Z'
}
{
  message: 'Example app listening on port 5000',
  level: 'info',
  service: 'user-service',
  label: 'UM!',
  timestamp: '2023-06-11T06:33:08.794Z'
}
{
  message: 'Connected to mongo 🧠',
  level: 'info',
  service: 'user-service',
  label: 'UM!',
  timestamp: '2023-06-11T06:42:09.867Z'
}
{
  message: 'Example app listening on port 5000',
  level: 'info',
  service: 'user-service',
  label: 'UM!',
  timestamp: '2023-06-11T06:42:09.881Z'
}
{
  message: 'Connected to mongo 🧠',
  level: 'info',
  service: 'user-service',
  label: 'UM!',
  timestamp: '2023-06-11T06:44:42.627Z'
}
{
  message: 'Example app listening on port 5000',
  level: 'info',
  service: 'user-service',
  label: 'UM!',
  timestamp: '2023-06-11T06:44:42.643Z'
}
{
  message: 'Connected to mongo 🧠',
  level: 'info',
  service: 'user-service',
  label: 'UM!',
  timestamp: '2023-06-11T06:45:11.883Z'
}
{
  message: 'Example app listening on port 5000',
  level: 'info',
  service: 'user-service',
  label: 'UM!',
  timestamp: '2023-06-11T06:45:11.896Z'
}
{
  message: 'Connected to mongo 🧠',
  level: 'info',
  service: 'user-service',
  label: 'UM!',
  timestamp: '2023-06-11T06:45:47.309Z'
}
{
  message: 'Example app listening on port 5000',
  level: 'info',
  service: 'user-service',
  label: 'UM!',
  timestamp: '2023-06-11T06:45:47.322Z'
}
{
  message: 'Connected to mongo 🧠',
  level: 'info',
  service: 'user-service',
  label: 'UM!',
  timestamp: '2023-06-11T06:46:17.550Z'
}
{
  message: 'Example app listening on port 5000',
  level: 'info',
  service: 'user-service',
  label: 'UM!',
  timestamp: '2023-06-11T06:46:17.563Z'
}
{
  message: 'Connected to mongo 🧠',
  level: 'info',
  service: 'user-service',
  label: 'UM!',
  timestamp: '2023-06-11T06:46:28.578Z'
}
{
  message: 'Example app listening on port 5000',
  level: 'info',
  service: 'user-service',
  label: 'UM!',
  timestamp: '2023-06-11T06:46:28.594Z'
}
{
  message: 'Connected to mongo 🧠',
  level: 'info',
  service: 'user-service',
  label: 'UM!',
  timestamp: '2023-06-11T06:46:42.703Z'
}
{
  message: 'Example app listening on port 5000',
  level: 'info',
  service: 'user-service',
  label: 'UM!',
  timestamp: '2023-06-11T06:46:42.720Z'
}
{
  message: 'Connected to mongo 🧠',
  level: 'info',
  service: 'user-service',
  label: 'UM!',
  timestamp: '2023-06-11T06:47:02.006Z'
}
{
  message: 'Example app listening on port 5000',
  level: 'info',
  service: 'user-service',
  label: 'UM!',
  timestamp: '2023-06-11T06:47:02.023Z'
}
{
  message: 'Connected to mongo 🧠',
  level: 'info',
  service: 'user-service',
  label: 'UM!',
  timestamp: '2023-06-11T06:56:44.143Z'
}
{
  message: 'Example app listening on port 5000',
  level: 'info',
  service: 'user-service',
  label: 'UM!',
  timestamp: '2023-06-11T06:56:44.254Z'
}
