{
  message: 'Connected to mongo 🧠',
  level: 'info',
  service: 'user-service',
  label: 'UM!',
  timestamp: '2023-06-10T07:02:07.885Z'
}
{
  message: 'Example app listening on port 5000',
  level: 'info',
  service: 'user-service',
  label: 'UM!',
  timestamp: '2023-06-10T07:02:07.914Z'
}
{
  message: 'Connected to mongo 🧠',
  level: 'info',
  service: 'user-service',
  label: 'UM!',
  timestamp: '2023-06-10T07:14:03.028Z'
}
{
  message: 'Example app listening on port 5000',
  level: 'info',
  service: 'user-service',
  label: 'UM!',
  timestamp: '2023-06-10T07:14:03.044Z'
}
{
  message: 'Connected to mongo 🧠',
  level: 'info',
  service: 'user-service',
  label: 'UM!',
  timestamp: '2023-06-10T07:14:31.420Z'
}
{
  message: 'Example app listening on port 5000',
  level: 'info',
  service: 'user-service',
  label: 'UM!',
  timestamp: '2023-06-10T07:14:31.432Z'
}
{
  message: 'Connected to mongo 🧠',
  level: 'info',
  service: 'user-service',
  label: 'UM!',
  timestamp: '2023-06-10T07:18:37.965Z'
}
{
  message: 'Example app listening on port 5000',
  level: 'info',
  service: 'user-service',
  label: 'UM!',
  timestamp: '2023-06-10T07:18:37.978Z'
}
{
  message: 'Connected to mongo 🧠',
  level: 'info',
  service: 'user-service',
  label: 'UM!',
  timestamp: '2023-06-10T07:19:54.652Z'
}
{
  message: 'Example app listening on port 5000',
  level: 'info',
  service: 'user-service',
  label: 'UM!',
  timestamp: '2023-06-10T07:19:54.666Z'
}
{
  message: 'Connected to mongo 🧠',
  level: 'info',
  service: 'user-service',
  label: 'UM!',
  timestamp: '2023-06-10T07:20:16.765Z'
}
{
  message: 'Example app listening on port 5000',
  level: 'info',
  service: 'user-service',
  label: 'UM!',
  timestamp: '2023-06-10T07:20:16.780Z'
}
{
  message: 'Connected to mongo 🧠',
  level: 'info',
  service: 'user-service',
  label: 'UM!',
  timestamp: '2023-06-10T07:40:02.235Z'
}
{
  message: 'Example app listening on port 5000',
  level: 'info',
  service: 'user-service',
  label: 'UM!',
  timestamp: '2023-06-10T07:40:02.253Z'
}
{
  message: 'Connected to mongo 🧠',
  level: 'info',
  service: 'user-service',
  label: 'UM!',
  timestamp: '2023-06-10T07:40:28.356Z'
}
{
  message: 'Example app listening on port 5000',
  level: 'info',
  service: 'user-service',
  label: 'UM!',
  timestamp: '2023-06-10T07:40:28.369Z'
}
{
  message: 'Connected to mongo 🧠',
  level: 'info',
  service: 'user-service',
  label: 'UM!',
  timestamp: '2023-06-10T07:44:56.750Z'
}
{
  message: 'Example app listening on port 5000',
  level: 'info',
  service: 'user-service',
  label: 'UM!',
  timestamp: '2023-06-10T07:44:56.764Z'
}
{
  message: 'Connected to mongo 🧠',
  level: 'info',
  service: 'user-service',
  label: 'UM!',
  timestamp: '2023-06-10T07:50:32.924Z'
}
{
  message: 'Example app listening on port 5000',
  level: 'info',
  service: 'user-service',
  label: 'UM!',
  timestamp: '2023-06-10T07:50:32.937Z'
}
{
  message: 'Connected to mongo 🧠',
  level: 'info',
  service: 'user-service',
  label: 'UM!',
  timestamp: '2023-06-10T07:50:41.543Z'
}
{
  message: 'Example app listening on port 5000',
  level: 'info',
  service: 'user-service',
  label: 'UM!',
  timestamp: '2023-06-10T07:50:41.590Z'
}
{
  message: 'Connected to mongo 🧠',
  level: 'info',
  service: 'user-service',
  label: 'UM!',
  timestamp: '2023-06-10T07:52:02.246Z'
}
{
  message: 'Example app listening on port 5000',
  level: 'info',
  service: 'user-service',
  label: 'UM!',
  timestamp: '2023-06-10T07:52:02.258Z'
}
{
  message: 'Connected to mongo 🧠',
  level: 'info',
  service: 'user-service',
  label: 'UM!',
  timestamp: '2023-06-10T07:52:37.405Z'
}
{
  message: 'Example app listening on port 5000',
  level: 'info',
  service: 'user-service',
  label: 'UM!',
  timestamp: '2023-06-10T07:52:37.417Z'
}
{
  message: 'Connected to mongo 🧠',
  level: 'info',
  service: 'user-service',
  label: 'UM!',
  timestamp: '2023-06-10T07:54:30.682Z'
}
{
  message: 'Example app listening on port 5000',
  level: 'info',
  service: 'user-service',
  label: 'UM!',
  timestamp: '2023-06-10T07:54:30.695Z'
}
